symbolic.min_int=-2147483648
symbolic.min_long=-9223372036854775808
symbolic.min_short=-32768
symbolic.min_byte=-128
symbolic.min_char=0
symbolic.max_int=2147483647
symbolic.max_long=9223372036854775807
symbolic.max_short=32767
symbolic.max_byte=127
symbolic.max_char=65535
symbolic.min_double=4.9E-324
symbolic.max_double=1.7976931348623157E308
JavaPathfinder core system v8.0 (rev 32) - (C) 2005-2014 United States Government. All rights reserved.


====================================================== system under test
Effect2.main()

====================================================== search started: 8/11/17 4:36 PM
constraint # = 3
(y - 20) > 10 &&
y > 0 &&
x > 100
constraint # = 3
(y - 20) <= 10 &&
y > 0 &&
x > 100
constraint # = 2
y <= 0 &&
x > 100
constraint # = 2
(x * 2) > 150 &&
x <= 100
constraint # = 2
(x * 2) <= 150 &&
x <= 100

====================================================== Method Sequences
[		effect2.test(101,31);]
[		effect2.test(101,1);]
[		effect2.test(101,-2147483648);]
[		effect2.test(76,-2147483648);]
[		effect2.test(-2147483648,-2147483648);]

====================================================== JUnit 4.0 test class
import static org.junit.Assert.*;
import org.junit.Before;
import org.junit.Test;

public class Effect2Test {

	private Effect2 effect2;

	@Before
	public void setUp() throws Exception {
		effect2 = new Effect2();
	}

	@Test
	public void test0() {
		effect2.test(101,31);
	}

	@Test
	public void test1() {
		effect2.test(101,1);
	}

	@Test
	public void test2() {
		effect2.test(101,-2147483648);
	}

	@Test
	public void test3() {
		effect2.test(76,-2147483648);
	}

	@Test
	public void test4() {
		effect2.test(-2147483648,-2147483648);
	}
}

====================================================== results
no errors detected

====================================================== statistics
elapsed time:       00:00:00
states:             new=11,visited=0,backtracked=11,end=5
search:             maxDepth=6,constraints=0
choice generators:  thread=1 (signal=0,lock=1,sharedRef=0,threadApi=0,reschedule=0), data=6
heap:               new=346,released=47,maxLive=344,gcCycles=6
instructions:       3207
max memory:         245MB
loaded code:        classes=60,methods=1280

====================================================== search finished: 8/11/17 4:36 PM
